<?xml version="1.0" encoding="UTF-8"?>
<testsuite name="de.catepilla.gdxtesting.examples.SaveLoadTests" tests="1" skipped="0" failures="0" errors="0" timestamp="2023-03-22T12:27:13" hostname="JACKS-GAMING-PC" time="0.008">
  <properties/>
  <testcase name="LoadsCorrectly" classname="de.catepilla.gdxtesting.examples.SaveLoadTests" time="0.008"/>
  <system-out><![CDATA[]]></system-out>
  <system-err><![CDATA[]]></system-err>
</testsuite>
