<?xml version="1.0" encoding="UTF-8"?>
<testsuite name="de.catepilla.gdxtesting.examples.SaveLoadTests" tests="3" skipped="0" failures="0" errors="0" timestamp="2023-04-20T15:43:03" hostname="CSE270PC53" time="0.086">
  <properties/>
  <testcase name="CanLoad" classname="de.catepilla.gdxtesting.examples.SaveLoadTests" time="0.04"/>
  <testcase name="CanSave" classname="de.catepilla.gdxtesting.examples.SaveLoadTests" time="0.005"/>
  <testcase name="LoadsCorrectly" classname="de.catepilla.gdxtesting.examples.SaveLoadTests" time="0.012"/>
  <system-out><![CDATA[]]></system-out>
  <system-err><![CDATA[]]></system-err>
</testsuite>
