<?xml version="1.0" encoding="UTF-8"?>
<testsuite name="de.catepilla.gdxtesting.examples.IngredientTests" tests="5" skipped="0" failures="0" errors="0" timestamp="2023-05-03T10:12:33" hostname="JACKS-GAMING-PC" time="0.068">
  <properties/>
  <testcase name="IngredientCreateTexture" classname="de.catepilla.gdxtesting.examples.IngredientTests" time="0.001"/>
  <testcase name="IngredientPreparedStatus" classname="de.catepilla.gdxtesting.examples.IngredientTests" time="0.002"/>
  <testcase name="IngredientCreatePosAndSize" classname="de.catepilla.gdxtesting.examples.IngredientTests" time="0.0"/>
  <testcase name="IngredientCookedStatus" classname="de.catepilla.gdxtesting.examples.IngredientTests" time="0.002"/>
  <testcase name="IngredientBakedStatus" classname="de.catepilla.gdxtesting.examples.IngredientTests" time="0.002"/>
  <system-out><![CDATA[]]></system-out>
  <system-err><![CDATA[]]></system-err>
</testsuite>
